{"C:\\Users\\Daniel AF\\Documents\\GitHub\\Comp4350\\RoomHub\\Backend\\src\\Handler\\NotificationHandler.js": {"path":"C:\\Users\\Daniel AF\\Documents\\GitHub\\Comp4350\\RoomHub\\Backend\\src\\Handler\\NotificationHandler.js","statementMap":{"0":{"start":{"line":1,"column":17},"end":{"line":1,"column":47}},"1":{"start":{"line":2,"column":23},"end":{"line":2,"column":38}},"2":{"start":{"line":25,"column":8},"end":{"line":25,"column":81}},"3":{"start":{"line":29,"column":8},"end":{"line":29,"column":46}},"4":{"start":{"line":38,"column":8},"end":{"line":40,"column":9}},"5":{"start":{"line":39,"column":12},"end":{"line":39,"column":25}},"6":{"start":{"line":41,"column":8},"end":{"line":41,"column":20}},"7":{"start":{"line":51,"column":8},"end":{"line":91,"column":9}},"8":{"start":{"line":52,"column":29},"end":{"line":52,"column":37}},"9":{"start":{"line":53,"column":27},"end":{"line":53,"column":35}},"10":{"start":{"line":54,"column":25},"end":{"line":54,"column":42}},"11":{"start":{"line":55,"column":23},"end":{"line":55,"column":38}},"12":{"start":{"line":58,"column":25},"end":{"line":58,"column":77}},"13":{"start":{"line":59,"column":27},"end":{"line":59,"column":77}},"14":{"start":{"line":60,"column":12},"end":{"line":62,"column":13}},"15":{"start":{"line":61,"column":16},"end":{"line":61,"column":73}},"16":{"start":{"line":64,"column":25},"end":{"line":64,"column":42}},"17":{"start":{"line":65,"column":24},"end":{"line":65,"column":61}},"18":{"start":{"line":66,"column":28},"end":{"line":66,"column":83}},"19":{"start":{"line":67,"column":12},"end":{"line":70,"column":13}},"20":{"start":{"line":69,"column":16},"end":{"line":69,"column":105}},"21":{"start":{"line":71,"column":42},"end":{"line":79,"column":13}},"22":{"start":{"line":81,"column":12},"end":{"line":81,"column":92}},"23":{"start":{"line":82,"column":12},"end":{"line":82,"column":90}},"24":{"start":{"line":84,"column":12},"end":{"line":88,"column":13}},"25":{"start":{"line":85,"column":16},"end":{"line":85,"column":99}},"26":{"start":{"line":87,"column":16},"end":{"line":87,"column":90}},"27":{"start":{"line":90,"column":12},"end":{"line":90,"column":66}},"28":{"start":{"line":102,"column":8},"end":{"line":104,"column":9}},"29":{"start":{"line":103,"column":12},"end":{"line":103,"column":58}},"30":{"start":{"line":105,"column":8},"end":{"line":105,"column":18}},"31":{"start":{"line":115,"column":8},"end":{"line":115,"column":58}},"32":{"start":{"line":119,"column":0},"end":{"line":119,"column":37}}},"fnMap":{"0":{"name":"(anonymous_0)","decl":{"start":{"line":24,"column":4},"end":{"line":24,"column":5}},"loc":{"start":{"line":24,"column":18},"end":{"line":26,"column":5}},"line":24},"1":{"name":"(anonymous_1)","decl":{"start":{"line":28,"column":4},"end":{"line":28,"column":5}},"loc":{"start":{"line":28,"column":35},"end":{"line":30,"column":5}},"line":28},"2":{"name":"(anonymous_2)","decl":{"start":{"line":50,"column":4},"end":{"line":50,"column":5}},"loc":{"start":{"line":50,"column":49},"end":{"line":92,"column":5}},"line":50},"3":{"name":"(anonymous_3)","decl":{"start":{"line":101,"column":4},"end":{"line":101,"column":5}},"loc":{"start":{"line":101,"column":37},"end":{"line":106,"column":5}},"line":101},"4":{"name":"(anonymous_4)","decl":{"start":{"line":114,"column":4},"end":{"line":114,"column":5}},"loc":{"start":{"line":114,"column":38},"end":{"line":116,"column":5}},"line":114}},"branchMap":{"0":{"loc":{"start":{"line":38,"column":8},"end":{"line":40,"column":9}},"type":"if","locations":[{"start":{"line":38,"column":8},"end":{"line":40,"column":9}},{"start":{},"end":{}}],"line":38},"1":{"loc":{"start":{"line":60,"column":12},"end":{"line":62,"column":13}},"type":"if","locations":[{"start":{"line":60,"column":12},"end":{"line":62,"column":13}},{"start":{},"end":{}}],"line":60},"2":{"loc":{"start":{"line":60,"column":16},"end":{"line":60,"column":52}},"type":"binary-expr","locations":[{"start":{"line":60,"column":16},"end":{"line":60,"column":31}},{"start":{"line":60,"column":35},"end":{"line":60,"column":52}}],"line":60},"3":{"loc":{"start":{"line":67,"column":12},"end":{"line":70,"column":13}},"type":"if","locations":[{"start":{"line":67,"column":12},"end":{"line":70,"column":13}},{"start":{},"end":{}}],"line":67},"4":{"loc":{"start":{"line":84,"column":12},"end":{"line":88,"column":13}},"type":"if","locations":[{"start":{"line":84,"column":12},"end":{"line":88,"column":13}},{"start":{"line":86,"column":19},"end":{"line":88,"column":13}}],"line":84},"5":{"loc":{"start":{"line":102,"column":8},"end":{"line":104,"column":9}},"type":"if","locations":[{"start":{"line":102,"column":8},"end":{"line":104,"column":9}},{"start":{},"end":{}}],"line":102}},"s":{"0":3,"1":3,"2":3,"3":0,"4":0,"5":0,"6":0,"7":0,"8":0,"9":0,"10":0,"11":0,"12":0,"13":0,"14":0,"15":0,"16":0,"17":0,"18":0,"19":0,"20":0,"21":0,"22":0,"23":0,"24":0,"25":0,"26":0,"27":0,"28":0,"29":0,"30":0,"31":0,"32":3},"f":{"0":3,"1":0,"2":0,"3":0,"4":0},"b":{"0":[0,0],"1":[0,0],"2":[0,0],"3":[0,0],"4":[0,0],"5":[0,0]},"_coverageSchema":"1a1c01bbd47fc00a2c39e90264f33305004495a9","hash":"f2ef398bbd00c6cf6bc86d4e399ae8b952489dc3"}
,"C:\\Users\\Daniel AF\\Documents\\GitHub\\Comp4350\\RoomHub\\Backend\\src\\Handler\\RoomHandler.js": {"path":"C:\\Users\\Daniel AF\\Documents\\GitHub\\Comp4350\\RoomHub\\Backend\\src\\Handler\\RoomHandler.js","statementMap":{"0":{"start":{"line":1,"column":17},"end":{"line":1,"column":47}},"1":{"start":{"line":2,"column":23},"end":{"line":2,"column":38}},"2":{"start":{"line":32,"column":8},"end":{"line":32,"column":65}},"3":{"start":{"line":33,"column":8},"end":{"line":33,"column":65}},"4":{"start":{"line":37,"column":8},"end":{"line":37,"column":38}},"5":{"start":{"line":41,"column":8},"end":{"line":41,"column":38}},"6":{"start":{"line":50,"column":8},"end":{"line":52,"column":9}},"7":{"start":{"line":51,"column":12},"end":{"line":51,"column":24}},"8":{"start":{"line":53,"column":8},"end":{"line":53,"column":21}},"9":{"start":{"line":64,"column":31},"end":{"line":64,"column":53}},"10":{"start":{"line":65,"column":19},"end":{"line":65,"column":59}},"11":{"start":{"line":66,"column":8},"end":{"line":68,"column":9}},"12":{"start":{"line":67,"column":12},"end":{"line":67,"column":24}},"13":{"start":{"line":69,"column":8},"end":{"line":69,"column":21}},"14":{"start":{"line":80,"column":8},"end":{"line":109,"column":9}},"15":{"start":{"line":81,"column":28},"end":{"line":81,"column":64}},"16":{"start":{"line":82,"column":26},"end":{"line":82,"column":62}},"17":{"start":{"line":83,"column":34},"end":{"line":83,"column":69}},"18":{"start":{"line":84,"column":34},"end":{"line":84,"column":68}},"19":{"start":{"line":85,"column":12},"end":{"line":106,"column":13}},"20":{"start":{"line":87,"column":32},"end":{"line":87,"column":40}},"21":{"start":{"line":88,"column":38},"end":{"line":88,"column":113}},"22":{"start":{"line":89,"column":16},"end":{"line":97,"column":17}},"23":{"start":{"line":92,"column":20},"end":{"line":92,"column":84}},"24":{"start":{"line":93,"column":20},"end":{"line":93,"column":96}},"25":{"start":{"line":96,"column":20},"end":{"line":96,"column":86}},"26":{"start":{"line":99,"column":16},"end":{"line":105,"column":17}},"27":{"start":{"line":100,"column":20},"end":{"line":100,"column":92}},"28":{"start":{"line":101,"column":23},"end":{"line":105,"column":17}},"29":{"start":{"line":102,"column":20},"end":{"line":102,"column":87}},"30":{"start":{"line":104,"column":20},"end":{"line":104,"column":101}},"31":{"start":{"line":108,"column":12},"end":{"line":108,"column":62}},"32":{"start":{"line":119,"column":8},"end":{"line":123,"column":9}},"33":{"start":{"line":120,"column":12},"end":{"line":120,"column":24}},"34":{"start":{"line":122,"column":12},"end":{"line":122,"column":25}},"35":{"start":{"line":132,"column":8},"end":{"line":170,"column":9}},"36":{"start":{"line":133,"column":41},"end":{"line":133,"column":92}},"37":{"start":{"line":134,"column":36},"end":{"line":134,"column":82}},"38":{"start":{"line":135,"column":30},"end":{"line":135,"column":71}},"39":{"start":{"line":138,"column":37},"end":{"line":138,"column":59}},"40":{"start":{"line":139,"column":33},"end":{"line":139,"column":86}},"41":{"start":{"line":140,"column":33},"end":{"line":140,"column":81}},"42":{"start":{"line":142,"column":12},"end":{"line":167,"column":13}},"43":{"start":{"line":143,"column":32},"end":{"line":143,"column":52}},"44":{"start":{"line":144,"column":16},"end":{"line":158,"column":17}},"45":{"start":{"line":145,"column":41},"end":{"line":145,"column":92}},"46":{"start":{"line":146,"column":20},"end":{"line":155,"column":21}},"47":{"start":{"line":149,"column":24},"end":{"line":149,"column":96}},"48":{"start":{"line":150,"column":24},"end":{"line":150,"column":96}},"49":{"start":{"line":151,"column":24},"end":{"line":151,"column":98}},"50":{"start":{"line":154,"column":24},"end":{"line":154,"column":81}},"51":{"start":{"line":157,"column":20},"end":{"line":157,"column":100}},"52":{"start":{"line":160,"column":16},"end":{"line":166,"column":17}},"53":{"start":{"line":161,"column":20},"end":{"line":161,"column":78}},"54":{"start":{"line":162,"column":23},"end":{"line":166,"column":17}},"55":{"start":{"line":163,"column":20},"end":{"line":163,"column":85}},"56":{"start":{"line":165,"column":20},"end":{"line":165,"column":85}},"57":{"start":{"line":169,"column":12},"end":{"line":169,"column":66}},"58":{"start":{"line":174,"column":0},"end":{"line":174,"column":29}}},"fnMap":{"0":{"name":"(anonymous_0)","decl":{"start":{"line":31,"column":4},"end":{"line":31,"column":5}},"loc":{"start":{"line":31,"column":18},"end":{"line":34,"column":5}},"line":31},"1":{"name":"(anonymous_1)","decl":{"start":{"line":36,"column":4},"end":{"line":36,"column":5}},"loc":{"start":{"line":36,"column":27},"end":{"line":38,"column":5}},"line":36},"2":{"name":"(anonymous_2)","decl":{"start":{"line":40,"column":4},"end":{"line":40,"column":5}},"loc":{"start":{"line":40,"column":27},"end":{"line":42,"column":5}},"line":40},"3":{"name":"(anonymous_3)","decl":{"start":{"line":79,"column":4},"end":{"line":79,"column":5}},"loc":{"start":{"line":79,"column":41},"end":{"line":110,"column":5}},"line":79},"4":{"name":"(anonymous_4)","decl":{"start":{"line":131,"column":4},"end":{"line":131,"column":5}},"loc":{"start":{"line":131,"column":42},"end":{"line":171,"column":5}},"line":131}},"branchMap":{"0":{"loc":{"start":{"line":50,"column":8},"end":{"line":52,"column":9}},"type":"if","locations":[{"start":{"line":50,"column":8},"end":{"line":52,"column":9}},{"start":{},"end":{}}],"line":50},"1":{"loc":{"start":{"line":50,"column":12},"end":{"line":50,"column":65}},"type":"binary-expr","locations":[{"start":{"line":50,"column":12},"end":{"line":50,"column":41}},{"start":{"line":50,"column":45},"end":{"line":50,"column":65}}],"line":50},"2":{"loc":{"start":{"line":66,"column":8},"end":{"line":68,"column":9}},"type":"if","locations":[{"start":{"line":66,"column":8},"end":{"line":68,"column":9}},{"start":{},"end":{}}],"line":66},"3":{"loc":{"start":{"line":85,"column":12},"end":{"line":106,"column":13}},"type":"if","locations":[{"start":{"line":85,"column":12},"end":{"line":106,"column":13}},{"start":{"line":98,"column":19},"end":{"line":106,"column":13}}],"line":85},"4":{"loc":{"start":{"line":85,"column":16},"end":{"line":85,"column":46}},"type":"binary-expr","locations":[{"start":{"line":85,"column":16},"end":{"line":85,"column":29}},{"start":{"line":85,"column":33},"end":{"line":85,"column":46}}],"line":85},"5":{"loc":{"start":{"line":89,"column":16},"end":{"line":97,"column":17}},"type":"if","locations":[{"start":{"line":89,"column":16},"end":{"line":97,"column":17}},{"start":{"line":94,"column":23},"end":{"line":97,"column":17}}],"line":89},"6":{"loc":{"start":{"line":99,"column":16},"end":{"line":105,"column":17}},"type":"if","locations":[{"start":{"line":99,"column":16},"end":{"line":105,"column":17}},{"start":{"line":101,"column":23},"end":{"line":105,"column":17}}],"line":99},"7":{"loc":{"start":{"line":99,"column":20},"end":{"line":99,"column":51}},"type":"binary-expr","locations":[{"start":{"line":99,"column":20},"end":{"line":99,"column":34}},{"start":{"line":99,"column":38},"end":{"line":99,"column":51}}],"line":99},"8":{"loc":{"start":{"line":101,"column":23},"end":{"line":105,"column":17}},"type":"if","locations":[{"start":{"line":101,"column":23},"end":{"line":105,"column":17}},{"start":{"line":103,"column":23},"end":{"line":105,"column":17}}],"line":101},"9":{"loc":{"start":{"line":101,"column":27},"end":{"line":101,"column":58}},"type":"binary-expr","locations":[{"start":{"line":101,"column":27},"end":{"line":101,"column":40}},{"start":{"line":101,"column":44},"end":{"line":101,"column":58}}],"line":101},"10":{"loc":{"start":{"line":119,"column":8},"end":{"line":123,"column":9}},"type":"if","locations":[{"start":{"line":119,"column":8},"end":{"line":123,"column":9}},{"start":{"line":121,"column":15},"end":{"line":123,"column":9}}],"line":119},"11":{"loc":{"start":{"line":142,"column":12},"end":{"line":167,"column":13}},"type":"if","locations":[{"start":{"line":142,"column":12},"end":{"line":167,"column":13}},{"start":{"line":159,"column":19},"end":{"line":167,"column":13}}],"line":142},"12":{"loc":{"start":{"line":142,"column":16},"end":{"line":142,"column":62}},"type":"binary-expr","locations":[{"start":{"line":142,"column":16},"end":{"line":142,"column":37}},{"start":{"line":142,"column":41},"end":{"line":142,"column":62}}],"line":142},"13":{"loc":{"start":{"line":144,"column":16},"end":{"line":158,"column":17}},"type":"if","locations":[{"start":{"line":144,"column":16},"end":{"line":158,"column":17}},{"start":{"line":156,"column":23},"end":{"line":158,"column":17}}],"line":144},"14":{"loc":{"start":{"line":146,"column":20},"end":{"line":155,"column":21}},"type":"if","locations":[{"start":{"line":146,"column":20},"end":{"line":155,"column":21}},{"start":{"line":152,"column":27},"end":{"line":155,"column":21}}],"line":146},"15":{"loc":{"start":{"line":160,"column":16},"end":{"line":166,"column":17}},"type":"if","locations":[{"start":{"line":160,"column":16},"end":{"line":166,"column":17}},{"start":{"line":162,"column":23},"end":{"line":166,"column":17}}],"line":160},"16":{"loc":{"start":{"line":160,"column":20},"end":{"line":160,"column":66}},"type":"binary-expr","locations":[{"start":{"line":160,"column":20},"end":{"line":160,"column":41}},{"start":{"line":160,"column":45},"end":{"line":160,"column":66}}],"line":160},"17":{"loc":{"start":{"line":162,"column":23},"end":{"line":166,"column":17}},"type":"if","locations":[{"start":{"line":162,"column":23},"end":{"line":166,"column":17}},{"start":{"line":164,"column":23},"end":{"line":166,"column":17}}],"line":162},"18":{"loc":{"start":{"line":162,"column":27},"end":{"line":162,"column":73}},"type":"binary-expr","locations":[{"start":{"line":162,"column":27},"end":{"line":162,"column":48}},{"start":{"line":162,"column":52},"end":{"line":162,"column":73}}],"line":162}},"s":{"0":3,"1":3,"2":15,"3":15,"4":5,"5":13,"6":6,"7":3,"8":3,"9":6,"10":6,"11":5,"12":3,"13":2,"14":6,"15":6,"16":6,"17":6,"18":6,"19":5,"20":2,"21":2,"22":2,"23":1,"24":1,"25":1,"26":3,"27":1,"28":2,"29":1,"30":1,"31":1,"32":2,"33":1,"34":1,"35":7,"36":7,"37":7,"38":7,"39":7,"40":7,"41":6,"42":6,"43":3,"44":3,"45":2,"46":2,"47":1,"48":1,"49":1,"50":1,"51":1,"52":3,"53":1,"54":2,"55":1,"56":1,"57":1,"58":3},"f":{"0":15,"1":5,"2":13,"3":6,"4":7},"b":{"0":[3,3],"1":[6,6],"2":[3,2],"3":[2,3],"4":[5,3],"5":[1,1],"6":[1,2],"7":[3,2],"8":[1,1],"9":[2,1],"10":[1,1],"11":[3,3],"12":[6,4],"13":[2,1],"14":[1,1],"15":[1,2],"16":[3,2],"17":[1,1],"18":[2,1]},"_coverageSchema":"1a1c01bbd47fc00a2c39e90264f33305004495a9","hash":"59667c6e4420f1f7964ec97aa1abe0b839440bba"}
,"C:\\Users\\Daniel AF\\Documents\\GitHub\\Comp4350\\RoomHub\\Backend\\src\\Handler\\UserInfoHandler.js": {"path":"C:\\Users\\Daniel AF\\Documents\\GitHub\\Comp4350\\RoomHub\\Backend\\src\\Handler\\UserInfoHandler.js","statementMap":{"0":{"start":{"line":1,"column":17},"end":{"line":1,"column":47}},"1":{"start":{"line":38,"column":8},"end":{"line":38,"column":65}},"2":{"start":{"line":39,"column":8},"end":{"line":39,"column":65}},"3":{"start":{"line":40,"column":8},"end":{"line":40,"column":81}},"4":{"start":{"line":44,"column":8},"end":{"line":44,"column":38}},"5":{"start":{"line":48,"column":8},"end":{"line":48,"column":38}},"6":{"start":{"line":52,"column":8},"end":{"line":52,"column":46}},"7":{"start":{"line":60,"column":8},"end":{"line":62,"column":9}},"8":{"start":{"line":61,"column":12},"end":{"line":61,"column":25}},"9":{"start":{"line":63,"column":8},"end":{"line":63,"column":20}},"10":{"start":{"line":74,"column":8},"end":{"line":84,"column":9}},"11":{"start":{"line":75,"column":28},"end":{"line":75,"column":43}},"12":{"start":{"line":76,"column":12},"end":{"line":79,"column":13}},"13":{"start":{"line":78,"column":16},"end":{"line":78,"column":105}},"14":{"start":{"line":80,"column":25},"end":{"line":80,"column":76}},"15":{"start":{"line":81,"column":12},"end":{"line":81,"column":84}},"16":{"start":{"line":83,"column":12},"end":{"line":83,"column":73}},"17":{"start":{"line":95,"column":8},"end":{"line":118,"column":9}},"18":{"start":{"line":96,"column":26},"end":{"line":96,"column":64}},"19":{"start":{"line":98,"column":12},"end":{"line":115,"column":13}},"20":{"start":{"line":99,"column":16},"end":{"line":99,"column":85}},"21":{"start":{"line":102,"column":27},"end":{"line":102,"column":73}},"22":{"start":{"line":103,"column":16},"end":{"line":114,"column":17}},"23":{"start":{"line":104,"column":20},"end":{"line":104,"column":79}},"24":{"start":{"line":106,"column":34},"end":{"line":106,"column":46}},"25":{"start":{"line":108,"column":20},"end":{"line":113,"column":21}},"26":{"start":{"line":109,"column":24},"end":{"line":109,"column":71}},"27":{"start":{"line":111,"column":42},"end":{"line":111,"column":93}},"28":{"start":{"line":112,"column":24},"end":{"line":112,"column":76}},"29":{"start":{"line":117,"column":12},"end":{"line":117,"column":68}},"30":{"start":{"line":127,"column":8},"end":{"line":153,"column":9}},"31":{"start":{"line":128,"column":26},"end":{"line":128,"column":64}},"32":{"start":{"line":130,"column":12},"end":{"line":150,"column":13}},"33":{"start":{"line":131,"column":16},"end":{"line":131,"column":83}},"34":{"start":{"line":134,"column":27},"end":{"line":134,"column":73}},"35":{"start":{"line":135,"column":16},"end":{"line":149,"column":17}},"36":{"start":{"line":136,"column":20},"end":{"line":136,"column":79}},"37":{"start":{"line":138,"column":39},"end":{"line":138,"column":93}},"38":{"start":{"line":140,"column":37},"end":{"line":140,"column":54}},"39":{"start":{"line":141,"column":33},"end":{"line":141,"column":35}},"40":{"start":{"line":142,"column":20},"end":{"line":147,"column":21}},"41":{"start":{"line":144,"column":24},"end":{"line":144,"column":94}},"42":{"start":{"line":145,"column":41},"end":{"line":145,"column":96}},"43":{"start":{"line":146,"column":24},"end":{"line":146,"column":48}},"44":{"start":{"line":148,"column":20},"end":{"line":148,"column":77}},"45":{"start":{"line":152,"column":12},"end":{"line":152,"column":66}},"46":{"start":{"line":157,"column":0},"end":{"line":157,"column":33}}},"fnMap":{"0":{"name":"(anonymous_0)","decl":{"start":{"line":37,"column":4},"end":{"line":37,"column":5}},"loc":{"start":{"line":37,"column":18},"end":{"line":41,"column":5}},"line":37},"1":{"name":"(anonymous_1)","decl":{"start":{"line":43,"column":4},"end":{"line":43,"column":5}},"loc":{"start":{"line":43,"column":27},"end":{"line":45,"column":5}},"line":43},"2":{"name":"(anonymous_2)","decl":{"start":{"line":47,"column":4},"end":{"line":47,"column":5}},"loc":{"start":{"line":47,"column":27},"end":{"line":49,"column":5}},"line":47},"3":{"name":"(anonymous_3)","decl":{"start":{"line":51,"column":4},"end":{"line":51,"column":5}},"loc":{"start":{"line":51,"column":35},"end":{"line":53,"column":5}},"line":51},"4":{"name":"(anonymous_4)","decl":{"start":{"line":73,"column":4},"end":{"line":73,"column":5}},"loc":{"start":{"line":73,"column":41},"end":{"line":85,"column":5}},"line":73},"5":{"name":"(anonymous_5)","decl":{"start":{"line":94,"column":4},"end":{"line":94,"column":5}},"loc":{"start":{"line":94,"column":43},"end":{"line":119,"column":5}},"line":94},"6":{"name":"(anonymous_6)","decl":{"start":{"line":126,"column":4},"end":{"line":126,"column":5}},"loc":{"start":{"line":126,"column":51},"end":{"line":154,"column":5}},"line":126}},"branchMap":{"0":{"loc":{"start":{"line":60,"column":8},"end":{"line":62,"column":9}},"type":"if","locations":[{"start":{"line":60,"column":8},"end":{"line":62,"column":9}},{"start":{},"end":{}}],"line":60},"1":{"loc":{"start":{"line":76,"column":12},"end":{"line":79,"column":13}},"type":"if","locations":[{"start":{"line":76,"column":12},"end":{"line":79,"column":13}},{"start":{},"end":{}}],"line":76},"2":{"loc":{"start":{"line":98,"column":12},"end":{"line":115,"column":13}},"type":"if","locations":[{"start":{"line":98,"column":12},"end":{"line":115,"column":13}},{"start":{"line":100,"column":19},"end":{"line":115,"column":13}}],"line":98},"3":{"loc":{"start":{"line":103,"column":16},"end":{"line":114,"column":17}},"type":"if","locations":[{"start":{"line":103,"column":16},"end":{"line":114,"column":17}},{"start":{"line":105,"column":23},"end":{"line":114,"column":17}}],"line":103},"4":{"loc":{"start":{"line":108,"column":20},"end":{"line":113,"column":21}},"type":"if","locations":[{"start":{"line":108,"column":20},"end":{"line":113,"column":21}},{"start":{"line":110,"column":27},"end":{"line":113,"column":21}}],"line":108},"5":{"loc":{"start":{"line":130,"column":12},"end":{"line":150,"column":13}},"type":"if","locations":[{"start":{"line":130,"column":12},"end":{"line":150,"column":13}},{"start":{"line":132,"column":19},"end":{"line":150,"column":13}}],"line":130},"6":{"loc":{"start":{"line":135,"column":16},"end":{"line":149,"column":17}},"type":"if","locations":[{"start":{"line":135,"column":16},"end":{"line":149,"column":17}},{"start":{"line":137,"column":23},"end":{"line":149,"column":17}}],"line":135}},"s":{"0":3,"1":10,"2":10,"3":10,"4":5,"5":2,"6":0,"7":7,"8":2,"9":5,"10":3,"11":3,"12":3,"13":1,"14":2,"15":1,"16":1,"17":5,"18":5,"19":4,"20":1,"21":3,"22":3,"23":1,"24":2,"25":2,"26":1,"27":1,"28":1,"29":1,"30":0,"31":0,"32":0,"33":0,"34":0,"35":0,"36":0,"37":0,"38":0,"39":0,"40":0,"41":0,"42":0,"43":0,"44":0,"45":0,"46":3},"f":{"0":10,"1":5,"2":2,"3":0,"4":3,"5":5,"6":0},"b":{"0":[2,5],"1":[1,2],"2":[1,3],"3":[1,2],"4":[1,1],"5":[0,0],"6":[0,0]},"_coverageSchema":"1a1c01bbd47fc00a2c39e90264f33305004495a9","hash":"5341ea0e23fd4afd6c5dcc21e98a0f043825379d"}
,"C:\\Users\\Daniel AF\\Documents\\GitHub\\Comp4350\\RoomHub\\Backend\\src\\Persistence\\NotificationPersistence.js": {"path":"C:\\Users\\Daniel AF\\Documents\\GitHub\\Comp4350\\RoomHub\\Backend\\src\\Persistence\\NotificationPersistence.js","statementMap":{"0":{"start":{"line":1,"column":27},"end":{"line":1,"column":62}},"1":{"start":{"line":2,"column":74},"end":{"line":2,"column":106}},"2":{"start":{"line":3,"column":17},"end":{"line":3,"column":47}},"3":{"start":{"line":4,"column":0},"end":{"line":4,"column":27}},"4":{"start":{"line":34,"column":23},"end":{"line":34,"column":49}},"5":{"start":{"line":36,"column":30},"end":{"line":42,"column":9}},"6":{"start":{"line":44,"column":34},"end":{"line":53,"column":9}},"7":{"start":{"line":56,"column":8},"end":{"line":60,"column":9}},"8":{"start":{"line":57,"column":12},"end":{"line":57,"column":67}},"9":{"start":{"line":59,"column":12},"end":{"line":59,"column":63}},"10":{"start":{"line":62,"column":8},"end":{"line":62,"column":71}},"11":{"start":{"line":63,"column":8},"end":{"line":63,"column":43}},"12":{"start":{"line":67,"column":8},"end":{"line":67,"column":32}},"13":{"start":{"line":71,"column":8},"end":{"line":71,"column":32}},"14":{"start":{"line":80,"column":28},"end":{"line":85,"column":10}},"15":{"start":{"line":86,"column":25},"end":{"line":86,"column":65}},"16":{"start":{"line":88,"column":22},"end":{"line":88,"column":43}},"17":{"start":{"line":89,"column":19},"end":{"line":89,"column":37}},"18":{"start":{"line":90,"column":8},"end":{"line":92,"column":9}},"19":{"start":{"line":91,"column":12},"end":{"line":91,"column":67}},"20":{"start":{"line":93,"column":8},"end":{"line":96,"column":10}},"21":{"start":{"line":111,"column":8},"end":{"line":135,"column":9}},"22":{"start":{"line":113,"column":32},"end":{"line":125,"column":14}},"23":{"start":{"line":127,"column":12},"end":{"line":127,"column":53}},"24":{"start":{"line":128,"column":12},"end":{"line":128,"column":29}},"25":{"start":{"line":130,"column":12},"end":{"line":134,"column":13}},"26":{"start":{"line":131,"column":16},"end":{"line":131,"column":32}},"27":{"start":{"line":133,"column":16},"end":{"line":133,"column":28}},"28":{"start":{"line":143,"column":31},"end":{"line":157,"column":10}},"29":{"start":{"line":159,"column":8},"end":{"line":159,"column":52}},"30":{"start":{"line":163,"column":0},"end":{"line":163,"column":41}}},"fnMap":{"0":{"name":"(anonymous_0)","decl":{"start":{"line":32,"column":4},"end":{"line":32,"column":5}},"loc":{"start":{"line":32,"column":18},"end":{"line":64,"column":5}},"line":32},"1":{"name":"(anonymous_1)","decl":{"start":{"line":66,"column":4},"end":{"line":66,"column":5}},"loc":{"start":{"line":66,"column":21},"end":{"line":68,"column":5}},"line":66},"2":{"name":"(anonymous_2)","decl":{"start":{"line":70,"column":4},"end":{"line":70,"column":5}},"loc":{"start":{"line":70,"column":21},"end":{"line":72,"column":5}},"line":70},"3":{"name":"(anonymous_3)","decl":{"start":{"line":79,"column":4},"end":{"line":79,"column":5}},"loc":{"start":{"line":79,"column":33},"end":{"line":97,"column":5}},"line":79},"4":{"name":"(anonymous_4)","decl":{"start":{"line":110,"column":4},"end":{"line":110,"column":5}},"loc":{"start":{"line":110,"column":84},"end":{"line":136,"column":5}},"line":110},"5":{"name":"(anonymous_5)","decl":{"start":{"line":142,"column":4},"end":{"line":142,"column":5}},"loc":{"start":{"line":142,"column":47},"end":{"line":160,"column":5}},"line":142}},"branchMap":{"0":{"loc":{"start":{"line":56,"column":8},"end":{"line":60,"column":9}},"type":"if","locations":[{"start":{"line":56,"column":8},"end":{"line":60,"column":9}},{"start":{"line":58,"column":15},"end":{"line":60,"column":9}}],"line":56},"1":{"loc":{"start":{"line":90,"column":8},"end":{"line":92,"column":9}},"type":"if","locations":[{"start":{"line":90,"column":8},"end":{"line":92,"column":9}},{"start":{},"end":{}}],"line":90},"2":{"loc":{"start":{"line":130,"column":12},"end":{"line":134,"column":13}},"type":"if","locations":[{"start":{"line":130,"column":12},"end":{"line":134,"column":13}},{"start":{"line":132,"column":19},"end":{"line":134,"column":13}}],"line":130}},"s":{"0":3,"1":3,"2":3,"3":3,"4":3,"5":3,"6":3,"7":3,"8":3,"9":0,"10":3,"11":3,"12":0,"13":0,"14":0,"15":0,"16":0,"17":0,"18":0,"19":0,"20":0,"21":0,"22":0,"23":0,"24":0,"25":0,"26":0,"27":0,"28":0,"29":0,"30":3},"f":{"0":3,"1":0,"2":0,"3":0,"4":0,"5":0},"b":{"0":[3,0],"1":[0,0],"2":[0,0]},"_coverageSchema":"1a1c01bbd47fc00a2c39e90264f33305004495a9","hash":"201c32dfad0fe3329b1d22e0f932fc9e64acb67b"}
,"C:\\Users\\Daniel AF\\Documents\\GitHub\\Comp4350\\RoomHub\\Backend\\src\\Persistence\\RoomPersistence.js": {"path":"C:\\Users\\Daniel AF\\Documents\\GitHub\\Comp4350\\RoomHub\\Backend\\src\\Persistence\\RoomPersistence.js","statementMap":{"0":{"start":{"line":1,"column":27},"end":{"line":1,"column":62}},"1":{"start":{"line":2,"column":74},"end":{"line":2,"column":106}},"2":{"start":{"line":3,"column":0},"end":{"line":3,"column":27}},"3":{"start":{"line":34,"column":23},"end":{"line":34,"column":49}},"4":{"start":{"line":36,"column":30},"end":{"line":42,"column":9}},"5":{"start":{"line":44,"column":34},"end":{"line":53,"column":9}},"6":{"start":{"line":56,"column":8},"end":{"line":60,"column":9}},"7":{"start":{"line":57,"column":12},"end":{"line":57,"column":67}},"8":{"start":{"line":59,"column":12},"end":{"line":59,"column":63}},"9":{"start":{"line":64,"column":8},"end":{"line":64,"column":71}},"10":{"start":{"line":65,"column":8},"end":{"line":65,"column":34}},"11":{"start":{"line":69,"column":8},"end":{"line":69,"column":32}},"12":{"start":{"line":73,"column":8},"end":{"line":73,"column":32}},"13":{"start":{"line":82,"column":28},"end":{"line":87,"column":10}},"14":{"start":{"line":88,"column":25},"end":{"line":88,"column":65}},"15":{"start":{"line":90,"column":24},"end":{"line":90,"column":42}},"16":{"start":{"line":91,"column":8},"end":{"line":93,"column":9}},"17":{"start":{"line":92,"column":12},"end":{"line":92,"column":77}},"18":{"start":{"line":94,"column":8},"end":{"line":94,"column":25}},"19":{"start":{"line":105,"column":8},"end":{"line":124,"column":9}},"20":{"start":{"line":107,"column":32},"end":{"line":115,"column":14}},"21":{"start":{"line":116,"column":12},"end":{"line":116,"column":53}},"22":{"start":{"line":117,"column":12},"end":{"line":117,"column":29}},"23":{"start":{"line":119,"column":12},"end":{"line":123,"column":13}},"24":{"start":{"line":120,"column":16},"end":{"line":120,"column":32}},"25":{"start":{"line":122,"column":16},"end":{"line":122,"column":28}},"26":{"start":{"line":133,"column":31},"end":{"line":146,"column":10}},"27":{"start":{"line":147,"column":8},"end":{"line":147,"column":52}},"28":{"start":{"line":151,"column":0},"end":{"line":151,"column":33}}},"fnMap":{"0":{"name":"(anonymous_0)","decl":{"start":{"line":32,"column":4},"end":{"line":32,"column":5}},"loc":{"start":{"line":32,"column":18},"end":{"line":66,"column":5}},"line":32},"1":{"name":"(anonymous_1)","decl":{"start":{"line":68,"column":4},"end":{"line":68,"column":5}},"loc":{"start":{"line":68,"column":21},"end":{"line":70,"column":5}},"line":68},"2":{"name":"(anonymous_2)","decl":{"start":{"line":72,"column":4},"end":{"line":72,"column":5}},"loc":{"start":{"line":72,"column":21},"end":{"line":74,"column":5}},"line":72},"3":{"name":"(anonymous_3)","decl":{"start":{"line":81,"column":4},"end":{"line":81,"column":5}},"loc":{"start":{"line":81,"column":33},"end":{"line":95,"column":5}},"line":81},"4":{"name":"(anonymous_4)","decl":{"start":{"line":104,"column":4},"end":{"line":104,"column":5}},"loc":{"start":{"line":104,"column":59},"end":{"line":125,"column":5}},"line":104},"5":{"name":"(anonymous_5)","decl":{"start":{"line":132,"column":4},"end":{"line":132,"column":5}},"loc":{"start":{"line":132,"column":53},"end":{"line":148,"column":5}},"line":132}},"branchMap":{"0":{"loc":{"start":{"line":56,"column":8},"end":{"line":60,"column":9}},"type":"if","locations":[{"start":{"line":56,"column":8},"end":{"line":60,"column":9}},{"start":{"line":58,"column":15},"end":{"line":60,"column":9}}],"line":56},"1":{"loc":{"start":{"line":91,"column":8},"end":{"line":93,"column":9}},"type":"if","locations":[{"start":{"line":91,"column":8},"end":{"line":93,"column":9}},{"start":{},"end":{}}],"line":91},"2":{"loc":{"start":{"line":119,"column":12},"end":{"line":123,"column":13}},"type":"if","locations":[{"start":{"line":119,"column":12},"end":{"line":123,"column":13}},{"start":{"line":121,"column":19},"end":{"line":123,"column":13}}],"line":119}},"s":{"0":3,"1":3,"2":3,"3":3,"4":3,"5":3,"6":3,"7":3,"8":0,"9":3,"10":3,"11":0,"12":0,"13":0,"14":0,"15":0,"16":0,"17":0,"18":0,"19":0,"20":0,"21":0,"22":0,"23":0,"24":0,"25":0,"26":0,"27":0,"28":3},"f":{"0":3,"1":0,"2":0,"3":0,"4":0,"5":0},"b":{"0":[3,0],"1":[0,0],"2":[0,0]},"_coverageSchema":"1a1c01bbd47fc00a2c39e90264f33305004495a9","hash":"89d962a28601899ba2d61d1211f9df4e2ad29e1c"}
,"C:\\Users\\Daniel AF\\Documents\\GitHub\\Comp4350\\RoomHub\\Backend\\src\\Persistence\\UserPersistence.js": {"path":"C:\\Users\\Daniel AF\\Documents\\GitHub\\Comp4350\\RoomHub\\Backend\\src\\Persistence\\UserPersistence.js","statementMap":{"0":{"start":{"line":1,"column":27},"end":{"line":1,"column":62}},"1":{"start":{"line":2,"column":74},"end":{"line":2,"column":106}},"2":{"start":{"line":3,"column":0},"end":{"line":3,"column":27}},"3":{"start":{"line":34,"column":23},"end":{"line":34,"column":49}},"4":{"start":{"line":36,"column":30},"end":{"line":42,"column":9}},"5":{"start":{"line":44,"column":34},"end":{"line":53,"column":9}},"6":{"start":{"line":56,"column":8},"end":{"line":60,"column":9}},"7":{"start":{"line":57,"column":12},"end":{"line":57,"column":67}},"8":{"start":{"line":59,"column":12},"end":{"line":59,"column":63}},"9":{"start":{"line":63,"column":8},"end":{"line":63,"column":71}},"10":{"start":{"line":64,"column":8},"end":{"line":64,"column":35}},"11":{"start":{"line":68,"column":8},"end":{"line":68,"column":32}},"12":{"start":{"line":72,"column":8},"end":{"line":72,"column":32}},"13":{"start":{"line":81,"column":8},"end":{"line":99,"column":9}},"14":{"start":{"line":83,"column":32},"end":{"line":89,"column":14}},"15":{"start":{"line":91,"column":12},"end":{"line":91,"column":53}},"16":{"start":{"line":92,"column":12},"end":{"line":92,"column":73}},"17":{"start":{"line":94,"column":12},"end":{"line":98,"column":13}},"18":{"start":{"line":95,"column":16},"end":{"line":95,"column":80}},"19":{"start":{"line":97,"column":16},"end":{"line":97,"column":28}},"20":{"start":{"line":109,"column":28},"end":{"line":114,"column":10}},"21":{"start":{"line":115,"column":25},"end":{"line":115,"column":65}},"22":{"start":{"line":117,"column":19},"end":{"line":117,"column":32}},"23":{"start":{"line":119,"column":8},"end":{"line":123,"column":9}},"24":{"start":{"line":120,"column":12},"end":{"line":120,"column":24}},"25":{"start":{"line":122,"column":12},"end":{"line":122,"column":33}},"26":{"start":{"line":132,"column":28},"end":{"line":137,"column":10}},"27":{"start":{"line":138,"column":25},"end":{"line":138,"column":65}},"28":{"start":{"line":140,"column":22},"end":{"line":140,"column":43}},"29":{"start":{"line":141,"column":8},"end":{"line":143,"column":9}},"30":{"start":{"line":142,"column":12},"end":{"line":142,"column":71}},"31":{"start":{"line":144,"column":8},"end":{"line":144,"column":23}},"32":{"start":{"line":153,"column":28},"end":{"line":158,"column":10}},"33":{"start":{"line":159,"column":25},"end":{"line":159,"column":65}},"34":{"start":{"line":161,"column":27},"end":{"line":161,"column":53}},"35":{"start":{"line":162,"column":8},"end":{"line":164,"column":9}},"36":{"start":{"line":163,"column":12},"end":{"line":163,"column":79}},"37":{"start":{"line":165,"column":8},"end":{"line":165,"column":28}},"38":{"start":{"line":174,"column":31},"end":{"line":188,"column":10}},"39":{"start":{"line":190,"column":8},"end":{"line":190,"column":52}},"40":{"start":{"line":199,"column":31},"end":{"line":210,"column":10}},"41":{"start":{"line":212,"column":8},"end":{"line":212,"column":52}},"42":{"start":{"line":216,"column":0},"end":{"line":216,"column":33}}},"fnMap":{"0":{"name":"(anonymous_0)","decl":{"start":{"line":32,"column":4},"end":{"line":32,"column":5}},"loc":{"start":{"line":32,"column":18},"end":{"line":65,"column":5}},"line":32},"1":{"name":"(anonymous_1)","decl":{"start":{"line":67,"column":4},"end":{"line":67,"column":5}},"loc":{"start":{"line":67,"column":21},"end":{"line":69,"column":5}},"line":67},"2":{"name":"(anonymous_2)","decl":{"start":{"line":71,"column":4},"end":{"line":71,"column":5}},"loc":{"start":{"line":71,"column":21},"end":{"line":73,"column":5}},"line":71},"3":{"name":"(anonymous_3)","decl":{"start":{"line":80,"column":4},"end":{"line":80,"column":5}},"loc":{"start":{"line":80,"column":35},"end":{"line":100,"column":5}},"line":80},"4":{"name":"(anonymous_4)","decl":{"start":{"line":107,"column":4},"end":{"line":107,"column":5}},"loc":{"start":{"line":107,"column":28},"end":{"line":124,"column":5}},"line":107},"5":{"name":"(anonymous_5)","decl":{"start":{"line":131,"column":4},"end":{"line":131,"column":5}},"loc":{"start":{"line":131,"column":31},"end":{"line":145,"column":5}},"line":131},"6":{"name":"(anonymous_6)","decl":{"start":{"line":152,"column":4},"end":{"line":152,"column":5}},"loc":{"start":{"line":152,"column":36},"end":{"line":166,"column":5}},"line":152},"7":{"name":"(anonymous_7)","decl":{"start":{"line":173,"column":4},"end":{"line":173,"column":5}},"loc":{"start":{"line":173,"column":55},"end":{"line":191,"column":5}},"line":173},"8":{"name":"(anonymous_8)","decl":{"start":{"line":198,"column":4},"end":{"line":198,"column":5}},"loc":{"start":{"line":198,"column":45},"end":{"line":213,"column":5}},"line":198}},"branchMap":{"0":{"loc":{"start":{"line":56,"column":8},"end":{"line":60,"column":9}},"type":"if","locations":[{"start":{"line":56,"column":8},"end":{"line":60,"column":9}},{"start":{"line":58,"column":15},"end":{"line":60,"column":9}}],"line":56},"1":{"loc":{"start":{"line":94,"column":12},"end":{"line":98,"column":13}},"type":"if","locations":[{"start":{"line":94,"column":12},"end":{"line":98,"column":13}},{"start":{"line":96,"column":19},"end":{"line":98,"column":13}}],"line":94},"2":{"loc":{"start":{"line":119,"column":8},"end":{"line":123,"column":9}},"type":"if","locations":[{"start":{"line":119,"column":8},"end":{"line":123,"column":9}},{"start":{"line":121,"column":15},"end":{"line":123,"column":9}}],"line":119},"3":{"loc":{"start":{"line":141,"column":8},"end":{"line":143,"column":9}},"type":"if","locations":[{"start":{"line":141,"column":8},"end":{"line":143,"column":9}},{"start":{},"end":{}}],"line":141},"4":{"loc":{"start":{"line":162,"column":8},"end":{"line":164,"column":9}},"type":"if","locations":[{"start":{"line":162,"column":8},"end":{"line":164,"column":9}},{"start":{},"end":{}}],"line":162}},"s":{"0":3,"1":3,"2":3,"3":3,"4":3,"5":3,"6":3,"7":3,"8":0,"9":3,"10":3,"11":0,"12":0,"13":0,"14":0,"15":0,"16":0,"17":0,"18":0,"19":0,"20":0,"21":0,"22":0,"23":0,"24":0,"25":0,"26":0,"27":0,"28":0,"29":0,"30":0,"31":0,"32":0,"33":0,"34":0,"35":0,"36":0,"37":0,"38":0,"39":0,"40":0,"41":0,"42":3},"f":{"0":3,"1":0,"2":0,"3":0,"4":0,"5":0,"6":0,"7":0,"8":0},"b":{"0":[3,0],"1":[0,0],"2":[0,0],"3":[0,0],"4":[0,0]},"_coverageSchema":"1a1c01bbd47fc00a2c39e90264f33305004495a9","hash":"4149dadf711e725c9cb010046c854b6c60620376"}
,"C:\\Users\\Daniel AF\\Documents\\GitHub\\Comp4350\\RoomHub\\Backend\\src\\Utility\\Services.js": {"path":"C:\\Users\\Daniel AF\\Documents\\GitHub\\Comp4350\\RoomHub\\Backend\\src\\Utility\\Services.js","statementMap":{"0":{"start":{"line":7,"column":24},"end":{"line":7,"column":65}},"1":{"start":{"line":8,"column":24},"end":{"line":8,"column":65}},"2":{"start":{"line":10,"column":32},"end":{"line":10,"column":81}},"3":{"start":{"line":18,"column":31},"end":{"line":18,"column":35}},"4":{"start":{"line":19,"column":31},"end":{"line":19,"column":35}},"5":{"start":{"line":20,"column":39},"end":{"line":20,"column":43}},"6":{"start":{"line":23,"column":8},"end":{"line":25,"column":9}},"7":{"start":{"line":24,"column":12},"end":{"line":24,"column":59}},"8":{"start":{"line":27,"column":8},"end":{"line":27,"column":38}},"9":{"start":{"line":31,"column":8},"end":{"line":33,"column":9}},"10":{"start":{"line":32,"column":12},"end":{"line":32,"column":59}},"11":{"start":{"line":35,"column":8},"end":{"line":35,"column":38}},"12":{"start":{"line":39,"column":8},"end":{"line":41,"column":9}},"13":{"start":{"line":40,"column":12},"end":{"line":40,"column":75}},"14":{"start":{"line":43,"column":8},"end":{"line":43,"column":46}},"15":{"start":{"line":47,"column":0},"end":{"line":47,"column":26}}},"fnMap":{"0":{"name":"(anonymous_0)","decl":{"start":{"line":22,"column":4},"end":{"line":22,"column":5}},"loc":{"start":{"line":22,"column":34},"end":{"line":28,"column":5}},"line":22},"1":{"name":"(anonymous_1)","decl":{"start":{"line":30,"column":4},"end":{"line":30,"column":5}},"loc":{"start":{"line":30,"column":34},"end":{"line":36,"column":5}},"line":30},"2":{"name":"(anonymous_2)","decl":{"start":{"line":38,"column":4},"end":{"line":38,"column":5}},"loc":{"start":{"line":38,"column":42},"end":{"line":44,"column":5}},"line":38}},"branchMap":{"0":{"loc":{"start":{"line":23,"column":8},"end":{"line":25,"column":9}},"type":"if","locations":[{"start":{"line":23,"column":8},"end":{"line":25,"column":9}},{"start":{},"end":{}}],"line":23},"1":{"loc":{"start":{"line":31,"column":8},"end":{"line":33,"column":9}},"type":"if","locations":[{"start":{"line":31,"column":8},"end":{"line":33,"column":9}},{"start":{},"end":{}}],"line":31},"2":{"loc":{"start":{"line":39,"column":8},"end":{"line":41,"column":9}},"type":"if","locations":[{"start":{"line":39,"column":8},"end":{"line":41,"column":9}},{"start":{},"end":{}}],"line":39}},"s":{"0":3,"1":3,"2":3,"3":3,"4":3,"5":3,"6":4,"7":3,"8":4,"9":4,"10":3,"11":4,"12":5,"13":3,"14":5,"15":3},"f":{"0":4,"1":4,"2":5},"b":{"0":[3,1],"1":[3,1],"2":[3,2]},"_coverageSchema":"1a1c01bbd47fc00a2c39e90264f33305004495a9","hash":"344c154f2d32953d1f829a66dde795b5e1a3af4f"}
,"C:\\Users\\Daniel AF\\Documents\\GitHub\\Comp4350\\RoomHub\\Backend\\src\\router\\Notification.js": {"path":"C:\\Users\\Daniel AF\\Documents\\GitHub\\Comp4350\\RoomHub\\Backend\\src\\router\\Notification.js","statementMap":{"0":{"start":{"line":4,"column":16},"end":{"line":4,"column":34}},"1":{"start":{"line":5,"column":15},"end":{"line":5,"column":31}},"2":{"start":{"line":6,"column":27},"end":{"line":6,"column":68}},"3":{"start":{"line":8,"column":29},"end":{"line":8,"column":53}},"4":{"start":{"line":22,"column":0},"end":{"line":24,"column":3}},"5":{"start":{"line":23,"column":4},"end":{"line":23,"column":55}},"6":{"start":{"line":26,"column":0},"end":{"line":28,"column":3}},"7":{"start":{"line":27,"column":4},"end":{"line":27,"column":75}},"8":{"start":{"line":30,"column":0},"end":{"line":30,"column":24}}},"fnMap":{"0":{"name":"(anonymous_0)","decl":{"start":{"line":22,"column":36},"end":{"line":22,"column":37}},"loc":{"start":{"line":22,"column":50},"end":{"line":24,"column":1}},"line":22},"1":{"name":"(anonymous_1)","decl":{"start":{"line":26,"column":16},"end":{"line":26,"column":17}},"loc":{"start":{"line":26,"column":30},"end":{"line":28,"column":1}},"line":26}},"branchMap":{},"s":{"0":3,"1":3,"2":3,"3":3,"4":3,"5":0,"6":3,"7":1,"8":3},"f":{"0":0,"1":1},"b":{},"_coverageSchema":"1a1c01bbd47fc00a2c39e90264f33305004495a9","hash":"a66d8edccca2f531c084878b09a7aebcafddd5d2"}
,"C:\\Users\\Daniel AF\\Documents\\GitHub\\Comp4350\\RoomHub\\Backend\\src\\router\\Room.js": {"path":"C:\\Users\\Daniel AF\\Documents\\GitHub\\Comp4350\\RoomHub\\Backend\\src\\router\\Room.js","statementMap":{"0":{"start":{"line":4,"column":16},"end":{"line":4,"column":34}},"1":{"start":{"line":5,"column":15},"end":{"line":5,"column":31}},"2":{"start":{"line":6,"column":20},"end":{"line":6,"column":53}},"3":{"start":{"line":8,"column":21},"end":{"line":8,"column":38}},"4":{"start":{"line":22,"column":0},"end":{"line":24,"column":3}},"5":{"start":{"line":23,"column":4},"end":{"line":23,"column":39}},"6":{"start":{"line":42,"column":0},"end":{"line":44,"column":3}},"7":{"start":{"line":43,"column":4},"end":{"line":43,"column":40}},"8":{"start":{"line":46,"column":0},"end":{"line":48,"column":3}},"9":{"start":{"line":47,"column":4},"end":{"line":47,"column":67}},"10":{"start":{"line":50,"column":0},"end":{"line":50,"column":24}}},"fnMap":{"0":{"name":"(anonymous_0)","decl":{"start":{"line":22,"column":28},"end":{"line":22,"column":29}},"loc":{"start":{"line":22,"column":42},"end":{"line":24,"column":1}},"line":22},"1":{"name":"(anonymous_1)","decl":{"start":{"line":42,"column":29},"end":{"line":42,"column":30}},"loc":{"start":{"line":42,"column":43},"end":{"line":44,"column":1}},"line":42},"2":{"name":"(anonymous_2)","decl":{"start":{"line":46,"column":16},"end":{"line":46,"column":17}},"loc":{"start":{"line":46,"column":30},"end":{"line":48,"column":1}},"line":46}},"branchMap":{},"s":{"0":3,"1":3,"2":3,"3":3,"4":3,"5":1,"6":3,"7":1,"8":3,"9":1,"10":3},"f":{"0":1,"1":1,"2":1},"b":{},"_coverageSchema":"1a1c01bbd47fc00a2c39e90264f33305004495a9","hash":"4cff7d55c13dca6431ab161c3b62a63121713fa7"}
,"C:\\Users\\Daniel AF\\Documents\\GitHub\\Comp4350\\RoomHub\\Backend\\src\\router\\User.js": {"path":"C:\\Users\\Daniel AF\\Documents\\GitHub\\Comp4350\\RoomHub\\Backend\\src\\router\\User.js","statementMap":{"0":{"start":{"line":4,"column":16},"end":{"line":4,"column":34}},"1":{"start":{"line":5,"column":15},"end":{"line":5,"column":31}},"2":{"start":{"line":6,"column":24},"end":{"line":6,"column":61}},"3":{"start":{"line":8,"column":26},"end":{"line":8,"column":47}},"4":{"start":{"line":21,"column":0},"end":{"line":23,"column":3}},"5":{"start":{"line":22,"column":4},"end":{"line":22,"column":44}},"6":{"start":{"line":36,"column":0},"end":{"line":38,"column":3}},"7":{"start":{"line":37,"column":4},"end":{"line":37,"column":46}},"8":{"start":{"line":49,"column":0},"end":{"line":51,"column":3}},"9":{"start":{"line":50,"column":4},"end":{"line":50,"column":54}},"10":{"start":{"line":53,"column":0},"end":{"line":55,"column":3}},"11":{"start":{"line":54,"column":4},"end":{"line":54,"column":67}},"12":{"start":{"line":57,"column":0},"end":{"line":57,"column":24}}},"fnMap":{"0":{"name":"(anonymous_0)","decl":{"start":{"line":21,"column":25},"end":{"line":21,"column":26}},"loc":{"start":{"line":21,"column":39},"end":{"line":23,"column":1}},"line":21},"1":{"name":"(anonymous_1)","decl":{"start":{"line":36,"column":28},"end":{"line":36,"column":29}},"loc":{"start":{"line":36,"column":42},"end":{"line":38,"column":1}},"line":36},"2":{"name":"(anonymous_2)","decl":{"start":{"line":49,"column":36},"end":{"line":49,"column":37}},"loc":{"start":{"line":49,"column":50},"end":{"line":51,"column":1}},"line":49},"3":{"name":"(anonymous_3)","decl":{"start":{"line":53,"column":16},"end":{"line":53,"column":17}},"loc":{"start":{"line":53,"column":30},"end":{"line":55,"column":1}},"line":53}},"branchMap":{},"s":{"0":3,"1":3,"2":3,"3":3,"4":3,"5":1,"6":3,"7":1,"8":3,"9":0,"10":3,"11":1,"12":3},"f":{"0":1,"1":1,"2":0,"3":1},"b":{},"_coverageSchema":"1a1c01bbd47fc00a2c39e90264f33305004495a9","hash":"e88801ae9c3a01098de35a92c53d26fbc6dfb886"}
,"C:\\Users\\Daniel AF\\Documents\\GitHub\\Comp4350\\RoomHub\\Backend\\src\\router\\index.js": {"path":"C:\\Users\\Daniel AF\\Documents\\GitHub\\Comp4350\\RoomHub\\Backend\\src\\router\\index.js","statementMap":{"0":{"start":{"line":1,"column":29},"end":{"line":1,"column":62}},"1":{"start":{"line":2,"column":16},"end":{"line":2,"column":34}},"2":{"start":{"line":3,"column":13},"end":{"line":3,"column":30}},"3":{"start":{"line":4,"column":13},"end":{"line":4,"column":30}},"4":{"start":{"line":5,"column":21},"end":{"line":5,"column":46}},"5":{"start":{"line":6,"column":13},"end":{"line":6,"column":28}},"6":{"start":{"line":8,"column":0},"end":{"line":8,"column":27}},"7":{"start":{"line":11,"column":12},"end":{"line":11,"column":21}},"8":{"start":{"line":13,"column":0},"end":{"line":13,"column":16}},"9":{"start":{"line":14,"column":0},"end":{"line":14,"column":24}},"10":{"start":{"line":15,"column":0},"end":{"line":15,"column":23}},"11":{"start":{"line":16,"column":0},"end":{"line":16,"column":23}},"12":{"start":{"line":17,"column":0},"end":{"line":17,"column":39}},"13":{"start":{"line":19,"column":0},"end":{"line":21,"column":3}},"14":{"start":{"line":20,"column":4},"end":{"line":20,"column":60}},"15":{"start":{"line":23,"column":15},"end":{"line":23,"column":53}},"16":{"start":{"line":26,"column":0},"end":{"line":28,"column":2}},"17":{"start":{"line":27,"column":4},"end":{"line":27,"column":55}},"18":{"start":{"line":31,"column":0},"end":{"line":31,"column":21}}},"fnMap":{"0":{"name":"(anonymous_0)","decl":{"start":{"line":19,"column":13},"end":{"line":19,"column":14}},"loc":{"start":{"line":19,"column":33},"end":{"line":21,"column":1}},"line":19},"1":{"name":"(anonymous_1)","decl":{"start":{"line":26,"column":18},"end":{"line":26,"column":19}},"loc":{"start":{"line":26,"column":38},"end":{"line":28,"column":1}},"line":26}},"branchMap":{},"s":{"0":3,"1":3,"2":3,"3":3,"4":3,"5":3,"6":3,"7":3,"8":3,"9":3,"10":3,"11":3,"12":3,"13":3,"14":1,"15":3,"16":3,"17":0,"18":3},"f":{"0":1,"1":0},"b":{},"_coverageSchema":"1a1c01bbd47fc00a2c39e90264f33305004495a9","hash":"a722962f29747de046cda53f239f66ef64e782ff"}
}
