TN:
SF:src\Handler\NotificationHandler.js
FN:24,(anonymous_0)
FN:28,(anonymous_1)
FN:50,(anonymous_2)
FN:101,(anonymous_3)
FN:114,(anonymous_4)
FNF:5
FNH:1
FNDA:3,(anonymous_0)
FNDA:0,(anonymous_1)
FNDA:0,(anonymous_2)
FNDA:0,(anonymous_3)
FNDA:0,(anonymous_4)
DA:1,3
DA:2,3
DA:25,3
DA:29,0
DA:38,0
DA:39,0
DA:41,0
DA:51,0
DA:52,0
DA:53,0
DA:54,0
DA:55,0
DA:58,0
DA:59,0
DA:60,0
DA:61,0
DA:64,0
DA:65,0
DA:66,0
DA:67,0
DA:69,0
DA:71,0
DA:81,0
DA:82,0
DA:84,0
DA:85,0
DA:87,0
DA:90,0
DA:102,0
DA:103,0
DA:105,0
DA:115,0
DA:119,3
LF:33
LH:4
BRDA:38,0,0,0
BRDA:38,0,1,0
BRDA:60,1,0,0
BRDA:60,1,1,0
BRDA:60,2,0,0
BRDA:60,2,1,0
BRDA:67,3,0,0
BRDA:67,3,1,0
BRDA:84,4,0,0
BRDA:84,4,1,0
BRDA:102,5,0,0
BRDA:102,5,1,0
BRF:12
BRH:0
end_of_record
TN:
SF:src\Handler\RoomHandler.js
FN:31,(anonymous_0)
FN:36,(anonymous_1)
FN:40,(anonymous_2)
FN:79,(anonymous_3)
FN:131,(anonymous_4)
FNF:5
FNH:5
FNDA:15,(anonymous_0)
FNDA:5,(anonymous_1)
FNDA:13,(anonymous_2)
FNDA:6,(anonymous_3)
FNDA:7,(anonymous_4)
DA:1,3
DA:2,3
DA:32,15
DA:33,15
DA:37,5
DA:41,13
DA:50,6
DA:51,3
DA:53,3
DA:64,6
DA:65,6
DA:66,5
DA:67,3
DA:69,2
DA:80,6
DA:81,6
DA:82,6
DA:83,6
DA:84,6
DA:85,5
DA:87,2
DA:88,2
DA:89,2
DA:92,1
DA:93,1
DA:96,1
DA:99,3
DA:100,1
DA:101,2
DA:102,1
DA:104,1
DA:108,1
DA:119,2
DA:120,1
DA:122,1
DA:132,7
DA:133,7
DA:134,7
DA:135,7
DA:138,7
DA:139,7
DA:140,6
DA:142,6
DA:143,3
DA:144,3
DA:145,2
DA:146,2
DA:149,1
DA:150,1
DA:151,1
DA:154,1
DA:157,1
DA:160,3
DA:161,1
DA:162,2
DA:163,1
DA:165,1
DA:169,1
DA:174,3
LF:59
LH:59
BRDA:50,0,0,3
BRDA:50,0,1,3
BRDA:50,1,0,6
BRDA:50,1,1,6
BRDA:66,2,0,3
BRDA:66,2,1,2
BRDA:85,3,0,2
BRDA:85,3,1,3
BRDA:85,4,0,5
BRDA:85,4,1,3
BRDA:89,5,0,1
BRDA:89,5,1,1
BRDA:99,6,0,1
BRDA:99,6,1,2
BRDA:99,7,0,3
BRDA:99,7,1,2
BRDA:101,8,0,1
BRDA:101,8,1,1
BRDA:101,9,0,2
BRDA:101,9,1,1
BRDA:119,10,0,1
BRDA:119,10,1,1
BRDA:142,11,0,3
BRDA:142,11,1,3
BRDA:142,12,0,6
BRDA:142,12,1,4
BRDA:144,13,0,2
BRDA:144,13,1,1
BRDA:146,14,0,1
BRDA:146,14,1,1
BRDA:160,15,0,1
BRDA:160,15,1,2
BRDA:160,16,0,3
BRDA:160,16,1,2
BRDA:162,17,0,1
BRDA:162,17,1,1
BRDA:162,18,0,2
BRDA:162,18,1,1
BRF:38
BRH:38
end_of_record
TN:
SF:src\Handler\UserInfoHandler.js
FN:37,(anonymous_0)
FN:43,(anonymous_1)
FN:47,(anonymous_2)
FN:51,(anonymous_3)
FN:73,(anonymous_4)
FN:94,(anonymous_5)
FN:126,(anonymous_6)
FNF:7
FNH:5
FNDA:10,(anonymous_0)
FNDA:5,(anonymous_1)
FNDA:2,(anonymous_2)
FNDA:0,(anonymous_3)
FNDA:3,(anonymous_4)
FNDA:5,(anonymous_5)
FNDA:0,(anonymous_6)
DA:1,3
DA:38,10
DA:39,10
DA:40,10
DA:44,5
DA:48,2
DA:52,0
DA:60,7
DA:61,2
DA:63,5
DA:74,3
DA:75,3
DA:76,3
DA:78,1
DA:80,2
DA:81,1
DA:83,1
DA:95,5
DA:96,5
DA:98,4
DA:99,1
DA:102,3
DA:103,3
DA:104,1
DA:106,2
DA:108,2
DA:109,1
DA:111,1
DA:112,1
DA:117,1
DA:127,0
DA:128,0
DA:130,0
DA:131,0
DA:134,0
DA:135,0
DA:136,0
DA:138,0
DA:140,0
DA:141,0
DA:142,0
DA:144,0
DA:145,0
DA:146,0
DA:148,0
DA:152,0
DA:157,3
LF:47
LH:30
BRDA:60,0,0,2
BRDA:60,0,1,5
BRDA:76,1,0,1
BRDA:76,1,1,2
BRDA:98,2,0,1
BRDA:98,2,1,3
BRDA:103,3,0,1
BRDA:103,3,1,2
BRDA:108,4,0,1
BRDA:108,4,1,1
BRDA:130,5,0,0
BRDA:130,5,1,0
BRDA:135,6,0,0
BRDA:135,6,1,0
BRF:14
BRH:10
end_of_record
TN:
SF:src\Persistence\NotificationPersistence.js
FN:32,(anonymous_0)
FN:66,(anonymous_1)
FN:70,(anonymous_2)
FN:79,(anonymous_3)
FN:110,(anonymous_4)
FN:142,(anonymous_5)
FNF:6
FNH:1
FNDA:3,(anonymous_0)
FNDA:0,(anonymous_1)
FNDA:0,(anonymous_2)
FNDA:0,(anonymous_3)
FNDA:0,(anonymous_4)
FNDA:0,(anonymous_5)
DA:1,3
DA:2,3
DA:3,3
DA:4,3
DA:34,3
DA:36,3
DA:44,3
DA:56,3
DA:57,3
DA:59,0
DA:62,3
DA:63,3
DA:67,0
DA:71,0
DA:80,0
DA:86,0
DA:88,0
DA:89,0
DA:90,0
DA:91,0
DA:93,0
DA:111,0
DA:113,0
DA:127,0
DA:128,0
DA:130,0
DA:131,0
DA:133,0
DA:143,0
DA:159,0
DA:163,3
LF:31
LH:12
BRDA:56,0,0,3
BRDA:56,0,1,0
BRDA:90,1,0,0
BRDA:90,1,1,0
BRDA:130,2,0,0
BRDA:130,2,1,0
BRF:6
BRH:1
end_of_record
TN:
SF:src\Persistence\RoomPersistence.js
FN:32,(anonymous_0)
FN:68,(anonymous_1)
FN:72,(anonymous_2)
FN:81,(anonymous_3)
FN:104,(anonymous_4)
FN:132,(anonymous_5)
FNF:6
FNH:1
FNDA:3,(anonymous_0)
FNDA:0,(anonymous_1)
FNDA:0,(anonymous_2)
FNDA:0,(anonymous_3)
FNDA:0,(anonymous_4)
FNDA:0,(anonymous_5)
DA:1,3
DA:2,3
DA:3,3
DA:34,3
DA:36,3
DA:44,3
DA:56,3
DA:57,3
DA:59,0
DA:64,3
DA:65,3
DA:69,0
DA:73,0
DA:82,0
DA:88,0
DA:90,0
DA:91,0
DA:92,0
DA:94,0
DA:105,0
DA:107,0
DA:116,0
DA:117,0
DA:119,0
DA:120,0
DA:122,0
DA:133,0
DA:147,0
DA:151,3
LF:29
LH:11
BRDA:56,0,0,3
BRDA:56,0,1,0
BRDA:91,1,0,0
BRDA:91,1,1,0
BRDA:119,2,0,0
BRDA:119,2,1,0
BRF:6
BRH:1
end_of_record
TN:
SF:src\Persistence\UserPersistence.js
FN:32,(anonymous_0)
FN:67,(anonymous_1)
FN:71,(anonymous_2)
FN:80,(anonymous_3)
FN:107,(anonymous_4)
FN:131,(anonymous_5)
FN:152,(anonymous_6)
FN:173,(anonymous_7)
FN:198,(anonymous_8)
FNF:9
FNH:1
FNDA:3,(anonymous_0)
FNDA:0,(anonymous_1)
FNDA:0,(anonymous_2)
FNDA:0,(anonymous_3)
FNDA:0,(anonymous_4)
FNDA:0,(anonymous_5)
FNDA:0,(anonymous_6)
FNDA:0,(anonymous_7)
FNDA:0,(anonymous_8)
DA:1,3
DA:2,3
DA:3,3
DA:34,3
DA:36,3
DA:44,3
DA:56,3
DA:57,3
DA:59,0
DA:63,3
DA:64,3
DA:68,0
DA:72,0
DA:81,0
DA:83,0
DA:91,0
DA:92,0
DA:94,0
DA:95,0
DA:97,0
DA:109,0
DA:115,0
DA:117,0
DA:119,0
DA:120,0
DA:122,0
DA:132,0
DA:138,0
DA:140,0
DA:141,0
DA:142,0
DA:144,0
DA:153,0
DA:159,0
DA:161,0
DA:162,0
DA:163,0
DA:165,0
DA:174,0
DA:190,0
DA:199,0
DA:212,0
DA:216,3
LF:43
LH:11
BRDA:56,0,0,3
BRDA:56,0,1,0
BRDA:94,1,0,0
BRDA:94,1,1,0
BRDA:119,2,0,0
BRDA:119,2,1,0
BRDA:141,3,0,0
BRDA:141,3,1,0
BRDA:162,4,0,0
BRDA:162,4,1,0
BRF:10
BRH:1
end_of_record
TN:
SF:src\Utility\Services.js
FN:22,(anonymous_0)
FN:30,(anonymous_1)
FN:38,(anonymous_2)
FNF:3
FNH:3
FNDA:4,(anonymous_0)
FNDA:4,(anonymous_1)
FNDA:5,(anonymous_2)
DA:7,3
DA:8,3
DA:10,3
DA:18,3
DA:19,3
DA:20,3
DA:23,4
DA:24,3
DA:27,4
DA:31,4
DA:32,3
DA:35,4
DA:39,5
DA:40,3
DA:43,5
DA:47,3
LF:16
LH:16
BRDA:23,0,0,3
BRDA:23,0,1,1
BRDA:31,1,0,3
BRDA:31,1,1,1
BRDA:39,2,0,3
BRDA:39,2,1,2
BRF:6
BRH:6
end_of_record
TN:
SF:src\router\Notification.js
FN:22,(anonymous_0)
FN:26,(anonymous_1)
FNF:2
FNH:1
FNDA:0,(anonymous_0)
FNDA:1,(anonymous_1)
DA:4,3
DA:5,3
DA:6,3
DA:8,3
DA:22,3
DA:23,0
DA:26,3
DA:27,1
DA:30,3
LF:9
LH:8
BRF:0
BRH:0
end_of_record
TN:
SF:src\router\Room.js
FN:22,(anonymous_0)
FN:42,(anonymous_1)
FN:46,(anonymous_2)
FNF:3
FNH:3
FNDA:1,(anonymous_0)
FNDA:1,(anonymous_1)
FNDA:1,(anonymous_2)
DA:4,3
DA:5,3
DA:6,3
DA:8,3
DA:22,3
DA:23,1
DA:42,3
DA:43,1
DA:46,3
DA:47,1
DA:50,3
LF:11
LH:11
BRF:0
BRH:0
end_of_record
TN:
SF:src\router\User.js
FN:21,(anonymous_0)
FN:36,(anonymous_1)
FN:49,(anonymous_2)
FN:53,(anonymous_3)
FNF:4
FNH:3
FNDA:1,(anonymous_0)
FNDA:1,(anonymous_1)
FNDA:0,(anonymous_2)
FNDA:1,(anonymous_3)
DA:4,3
DA:5,3
DA:6,3
DA:8,3
DA:21,3
DA:22,1
DA:36,3
DA:37,1
DA:49,3
DA:50,0
DA:53,3
DA:54,1
DA:57,3
LF:13
LH:12
BRF:0
BRH:0
end_of_record
TN:
SF:src\router\index.js
FN:19,(anonymous_0)
FN:26,(anonymous_1)
FNF:2
FNH:1
FNDA:1,(anonymous_0)
FNDA:0,(anonymous_1)
DA:1,3
DA:2,3
DA:3,3
DA:4,3
DA:5,3
DA:6,3
DA:8,3
DA:11,3
DA:13,3
DA:14,3
DA:15,3
DA:16,3
DA:17,3
DA:19,3
DA:20,1
DA:23,3
DA:26,3
DA:27,0
DA:31,3
LF:19
LH:18
BRF:0
BRH:0
end_of_record
